Importing parsed variables...
	bead_radius           0.26                                                        
	core_radius           2.0                                                         
	core_method           fcc                                                         
	core_density          19.3                                                        
	core_shape            sphere                                                      
	core_cylinder         [2.5, 4]                                                    
	core_ellipse_axis     [1.5, 3, 4.5]                                               
	core_rect_prism       [3, 5, 7]                                                   
	core_rod_params       [2.5, 4]                                                    
	core_pyramid          [5, 5]                                                      
	core_octahedron       6                                                           
	core_btype            C1                                                          
	core_en               True                                                        
	core_en_k             5000                                                        
	graft_density         0.3                                                         
	lig1_n_per_bead       [3, 1]                                                      
	lig1_btypes           ['C1', 'Qa']                                                
	lig1_charges          [0, -1]                                                     
	lig1_masses           [52, 80]                                                    
	lig1_frac             0.5                                                         
	lig2_n_per_bead       [24, 1]                                                     
	lig2_btypes           ['EO', 'SP2']                                               
	lig2_charges          [0, 0]                                                      
	lig2_masses           [44, 31]                                                    
	morph                 random                                                      
	rsd                   1                                                           
	stripes               4                                                           
	parameter_file        <_io.TextIOWrapper name='PEG-MUS.itp' mode='r' encoding='UTF-8'>
	char_radius           2.0                                                         
	n_coord               12                                                          
	vol                   None                                                        
	core_bmass            None                                                        
	area                  None                                                        
	n_tot_lig             None                                                        
	lig1_num              None                                                        
	lig2_num              None                                                        
Building lattice block...
	Constructing lattice from FCC unit cell...
Cropping block into target shape...
	Chopping the lattice as a sphere...
Describing the cut shape...
	Characterizing the core...
	Calculating volume of the core...
		Volume of the core: 33.5 nm3
	Estimating the core's mass per bead...
		Mass per core bead: 1052.653 u.m.a.
	Calculating surface area of the core...
		Superficial area of the core: 50.27 nm2
	Calculating total number of ligands...
		Total number of ligands: 167
	Calculating number of ligands 1...
		Number of ligands 1: 83
	Calculating number of ligands 2...
		Number of ligands 2: 84
User provided a topology file...
Importing parameters...
Looking for missing parameters...
	Looking for bond parameters in ligand 1...
	Looking for angle parameters in ligand 1...
	Looking for dihedral parameters in ligand 1...
ATTENTION. Missing parameters for dihedral: ['C1-C1-C1-C1' 'C1-C1-C1-Qa']
	Looking for bond parameters in ligand 2...
	Looking for angle parameters in ligand 2...
	Looking for dihedral parameters in ligand 2...
ATTENTION. Missing parameters for dihedral: ['C1-EO-EO-EO' 'EO-EO-EO-SP2']
Placing ligand anchoring sites...
	Anchors will be placed minimizing electric energy following a Monte Carlo approach. This will place the ligands as far away as possible from one another...
	The surface beads of the core allow a maximum of 182 ligands...
	Saving normal directions to the surface at the anchoring sites...
Labeling ligands to anchoring sites...
	Distributing ligands in a Random configuration...
Growing ligands...
Merging core with ligands...
Writing structure file (.gro)...
	Writing the core...
	Writing the ligands...
Assigning bonds within the core...
	Building elastic network based on first neighbors...
Assigning bonded interactions within the ligands...
	Assigning bonds within the ligands...
	Assigning angles within the ligands...
	Assigning dihedrals within the ligands...
Writing topology file (.top)...
	Writing [ moleculetype ]...
	Writing [ atoms ]...
	Writing [ bonds ]...
		The nanoparticle is missing 0 bond parameters in ligands 1. See above. Params not found...
		The nanoparticle is missing 0 bond parameters in ligands 2. See above. Params not found...
	Writing [ angles ]...
		The nanoparticle is missing 0 angle parameters in ligands 1. See above. Params not found...
		The nanoparticle is missing 0 angle parameters in ligands 2. See above. Params not found...
	Writing [ dihedrals ]...
		The nanoparticle is missing 83 dihedral parameters in ligands 1. See above. Params not found...
		The nanoparticle is missing 84 dihedral parameters in ligands 2. See above. Params not found...
	Writing [ system ]...
	Writing [ molecules ]...
