Importing parsed variables...
	bead_radius           0.26                                                        
	core_radius           3.0                                                         
	core_method           fcc                                                         
	core_density          10.5                                                        
	core_shape            rectangular prism                                           
	core_cylinder         [2.5, 4]                                                    
	core_ellipse_axis     [1.5, 3, 4.5]                                               
	core_rect_prism       [2, 4, 6]                                                   
	core_rod_params       [2.5, 4]                                                    
	core_pyramid          [5, 5]                                                      
	core_octahedron       6                                                           
	core_btype            C1                                                          
	core_en               True                                                        
	core_en_k             5000                                                        
	graft_density         0.3                                                         
	lig1_n_per_bead       [1, 1]                                                      
	lig1_btypes           ['C1', 'C1']                                                
	lig1_charges          [0, 0]                                                      
	lig1_masses           [56, 57]                                                    
	lig1_frac             0.3                                                         
	lig2_n_per_bead       [2, 1]                                                      
	lig2_btypes           ['C1', 'Qa']                                                
	lig2_charges          [0, -1]                                                     
	lig2_masses           [56, 72]                                                    
	morph                 janus_z                                                     
	rsd                   1                                                           
	stripes               4                                                           
	parameter_file        <_io.TextIOWrapper name='ALK-MUC.itp' mode='r' encoding='UTF-8'>
	char_radius           3.0                                                         
	n_coord               12                                                          
	vol                   None                                                        
	core_bmass            None                                                        
	area                  None                                                        
	n_tot_lig             None                                                        
	lig1_num              None                                                        
	lig2_num              None                                                        
Building lattice block...
	Constructing lattice from FCC unit cell...
Cropping block into target shape...
	Chopping the lattice as a rectangular prism...
Describing the cut shape...
	Characterizing the core...
	Calculating volume of the core...
		Volume of the core: 48.0 nm3
	Estimating the core's mass per bead...
		Mass per core bead: 648.538 u.m.a.
	Calculating surface area of the core...
		Superficial area of the core: 88.00 nm2
	Calculating total number of ligands...
		Total number of ligands: 293
	Calculating number of ligands 1...
		Number of ligands 1: 87
	Calculating number of ligands 2...
		Number of ligands 2: 206
User provided a topology file...
Importing parameters...
Looking for missing parameters...
	Looking for bond parameters in ligand 1...
	Looking for angle parameters in ligand 1...
	Looking for bond parameters in ligand 2...
	Looking for angle parameters in ligand 2...
	Looking for dihedral parameters in ligand 2...
ATTENTION. Missing parameters for dihedral: ['C1-C1-C1-Qa']
Placing ligand anchoring sites...
	Anchors will be placed minimizing electric energy following a Monte Carlo approach. This will place the ligands as far away as possible from one another...
	The surface beads of the core allow a maximum of 266 ligands...
	ATTENTION. The grafting density is too high to meet requirements...
		Resetting total number of ligands to 266
		New grafting density set to 0.331
		Number of ligands 1: 79
		Number of ligands 2: 187
	Saving normal directions to the surface at the anchoring sites...
Labeling ligands to anchoring sites...
	Distributing ligands in a Janus configuration...
Growing ligands...
Merging core with ligands...
Writing structure file (.gro)...
	Writing the core...
	Writing the ligands...
Assigning bonds within the core...
	Building elastic network based on first neighbors...
Assigning bonded interactions within the ligands...
	Assigning bonds within the ligands...
	Assigning angles within the ligands...
	Assigning dihedrals within the ligands...
Writing topology file (.top)...
	Writing [ moleculetype ]...
	Writing [ atoms ]...
	Writing [ bonds ]...
		The nanoparticle is missing 0 bond parameters in ligands 1. See above. Params not found...
		The nanoparticle is missing 0 bond parameters in ligands 2. See above. Params not found...
	Writing [ angles ]...
		The nanoparticle is missing 0 angle parameters in ligands 1. See above. Params not found...
		The nanoparticle is missing 0 angle parameters in ligands 2. See above. Params not found...
	Writing [ dihedrals ]...
		The nanoparticle is missing 0 dihedral parameters in ligands 1. See above. Params not found...
		The nanoparticle is missing 187 dihedral parameters in ligands 2. See above. Params not found...
	Writing [ system ]...
	Writing [ molecules ]...
