Importing parsed variables...
	bead_radius           0.2                                                         
	core_radius           5.0                                                         
	core_method           fcc                                                         
	core_density          19.3                                                        
	core_shape            shell                                                       
	core_cylinder         [2.5, 4]                                                    
	core_ellipse_axis     [1.5, 3, 4.5]                                               
	core_rect_prism       [2, 4, 6]                                                   
	core_rod_params       [2.5, 4]                                                    
	core_pyramid          [5, 5]                                                      
	core_octahedron       6                                                           
	core_btype            C1                                                          
	core_en               True                                                        
	core_en_k             32500                                                       
	graft_density         0.3                                                         
	lig1_n_per_bead       [1, 1]                                                      
	lig1_btypes           ['C1', 'C1']                                                
	lig1_charges          [0, 0]                                                      
	lig1_masses           [56, 57]                                                    
	lig1_frac             0.3                                                         
	lig2_n_per_bead       [9, 1]                                                      
	lig2_btypes           ['EO', 'SP2']                                               
	lig2_charges          [0, 0]                                                      
	lig2_masses           [44, 31]                                                    
	morph                 stripe_x                                                    
	rsd                   1                                                           
	stripes               4                                                           
	parameter_file        <_io.TextIOWrapper name='PEG-ALK.itp' mode='r' encoding='UTF-8'>
	char_radius           5.0                                                         
	n_coord               12                                                          
	vol                   None                                                        
	core_bmass            None                                                        
	area                  None                                                        
	n_tot_lig             None                                                        
	lig1_num              None                                                        
	lig2_num              None                                                        
Building lattice block...
Cropping block into target shape...
	Constructing hollow shell...
	Core beads will be placed in concentric rings...
Describing the cut shape...
	Characterizing the core...
	Calculating volume of the core...
		Volume of the core: 523.6 nm3
	Estimating the core's mass per bead...
		Mass per core bead: 2396.868 u.m.a.
	Calculating surface area of the core...
		Superficial area of the core: 314.16 nm2
	Calculating total number of ligands...
		Total number of ligands: 1047
	Calculating number of ligands 1...
		Number of ligands 1: 314
	Calculating number of ligands 2...
		Number of ligands 2: 733
User provided a topology file...
Importing parameters...
Looking for missing parameters...
	Looking for bond parameters in ligand 1...
	Looking for angle parameters in ligand 1...
	Looking for bond parameters in ligand 2...
	Looking for angle parameters in ligand 2...
	Looking for dihedral parameters in ligand 2...
ATTENTION. Missing parameters for dihedral: ['C1-EO-EO-EO' 'EO-EO-EO-SP2']
Placing ligand anchoring sites...
	The number of ligands is too big to optimize their location on the core. Anchors will be placed sampling randomly the space in spherical coordinates...
	The surface beads of the core allow a maximum of 2539 ligands...
	Saving normal directions to the surface at the anchoring sites...
Labeling ligands to anchoring sites...
	Distributing ligands in a Striped configuration...
Growing ligands...
Merging core with ligands...
Writing structure file (.gro)...
	Writing the core...
	Writing the ligands...
Assigning bonds within the core...
	Building elastic network based on six nearest neighbours and one farthest neighbour...
Assigning bonded interactions within the ligands...
	Assigning bonds within the ligands...
	Assigning angles within the ligands...
	Assigning dihedrals within the ligands...
Writing topology file (.top)...
	Writing [ moleculetype ]...
	Writing [ atoms ]...
	Writing [ bonds ]...
		The nanoparticle is missing 0 bond parameters in ligands 1. See above. Params not found...
		The nanoparticle is missing 0 bond parameters in ligands 2. See above. Params not found...
	Writing [ angles ]...
		The nanoparticle is missing 0 angle parameters in ligands 1. See above. Params not found...
		The nanoparticle is missing 0 angle parameters in ligands 2. See above. Params not found...
	Writing [ dihedrals ]...
		The nanoparticle is missing 0 dihedral parameters in ligands 1. See above. Params not found...
		The nanoparticle is missing 533 dihedral parameters in ligands 2. See above. Params not found...
	Writing [ system ]...
	Writing [ molecules ]...
